=====================================================================
                   Welcome to Leonhard Med v.2.0.1                    

 * Documentation:  https://unlimited.ethz.ch/display/LEOMED2
 * Support:        leomed-support@id.ethz.ch
 * Software stack: type "enable_modules" to use Modules

Tenant name: BIOMED
OS: Ubuntu 20.04.6 LTS x86_64 
Uptime: 9 days, 4 hours, 29 mins 
CPU: Intel (Broadwell, IBRS) (18) @ 2.199GHz 
CPU Usage: 4% 
GPU: NVIDIA GeForce GTX 1080 Ti 
GPU: NVIDIA GeForce GTX 1080 Ti 
GPU: NVIDIA GeForce GTX 1080 Ti 
GPU: NVIDIA GeForce GTX 1080 Ti 
GPU: NVIDIA GeForce GTX 1080 Ti 
GPU: NVIDIA GeForce GTX 1080 Ti 
GPU: NVIDIA GeForce GTX 1080 Ti 
GPU: NVIDIA GeForce GTX 1080 Ti 
Memory: 1583MiB / 243821MiB (0%) 

=====================================================================
Starting job with ID 3849684...
Parsed Arguments:
job_id: unknown
model_name: ms-diag_medbert-512_class_line_oversample
peft_model_name: None
quantization: None
batch_size: 4
data: line
data_augmentation: None
split: test
task_type: class
output_hidden_states: True
num_labels: 4
GPU 0: NVIDIA GeForce GTX 1080 Ti
   Total Memory: 10.91 GB
   Free Memory: 10.45 GB
   Allocated Memory : 0.00 GB
   Reserved Memory : 0.00 GB
Tokenizer pad token ID: 0
Tokenizer special tokens: {'unk_token': '[UNK]', 'sep_token': '[SEP]', 'pad_token': '[PAD]', 'cls_token': '[CLS]', 'mask_token': '[MASK]'}
Model pad token ID: 0
Loaded Model and Tokenizer
Saving Inference Results at: /cluster/dataset/midatams/inf-extr/results/ms-diag/ms-diag_medbert-512_class_line_oversample_test.pt
Job finished
