=====================================================================
                   Welcome to Leonhard Med v.2.0.1                    

 * Documentation:  https://unlimited.ethz.ch/display/LEOMED2
 * Support:        leomed-support@id.ethz.ch
 * Software stack: type "enable_modules" to use Modules

Tenant name: BIOMED
OS: Ubuntu 20.04.6 LTS x86_64 
Uptime: 9 days, 4 hours, 49 mins 
CPU: Intel (Broadwell, IBRS) (18) @ 2.199GHz 
CPU Usage: 4% 
GPU: NVIDIA GeForce GTX 1080 Ti 
GPU: NVIDIA GeForce GTX 1080 Ti 
GPU: NVIDIA GeForce GTX 1080 Ti 
GPU: NVIDIA GeForce GTX 1080 Ti 
GPU: NVIDIA GeForce GTX 1080 Ti 
GPU: NVIDIA GeForce GTX 1080 Ti 
GPU: NVIDIA GeForce GTX 1080 Ti 
GPU: NVIDIA GeForce GTX 1080 Ti 
Memory: 1579MiB / 243821MiB (0%) 

=====================================================================
Starting job with ID 3849692...
Parsed Arguments:
job_id: unknown
model_name: medbert-512
quantization: None
batch_size: 16
lr: 0.0002
num_epochs: 12
gradient_accumulation_steps: 1
task_type: class
data: all
data_augmentation: oversample
num_labels: 4
peft_config: None
attn_implementation: None
GPU 0: NVIDIA GeForce GTX 1080 Ti
   Total Memory: 10.91 GB
   Free Memory: 10.45 GB
   Allocated Memory : 0.00 GB
   Reserved Memory : 0.00 GB
Tokenizer pad token ID: 0
Tokenizer special tokens: {'unk_token': '[UNK]', 'sep_token': '[SEP]', 'pad_token': '[PAD]', 'cls_token': '[CLS]', 'mask_token': '[MASK]'}
Model pad token ID: 0
Loaded Model and Tokenizer
Loaded Data
Starting Training
{'loss': 1.5426, 'learning_rate': 0.0001866666666666667, 'epoch': 0.8}
