=====================================================================
                   Welcome to Leonhard Med v.2.0.1                    

 * Documentation:  https://unlimited.ethz.ch/display/LEOMED2
 * Support:        leomed-support@id.ethz.ch
 * Software stack: type "enable_modules" to use Modules

Tenant name: BIOMED
OS: Ubuntu 20.04.6 LTS x86_64 
Uptime: 9 days, 4 hours, 24 mins 
CPU: Intel (Broadwell, IBRS) (18) @ 2.199GHz 
CPU Usage: 5% 
GPU: NVIDIA GeForce GTX 1080 Ti 
GPU: NVIDIA GeForce GTX 1080 Ti 
GPU: NVIDIA GeForce GTX 1080 Ti 
GPU: NVIDIA GeForce GTX 1080 Ti 
GPU: NVIDIA GeForce GTX 1080 Ti 
GPU: NVIDIA GeForce GTX 1080 Ti 
GPU: NVIDIA GeForce GTX 1080 Ti 
GPU: NVIDIA GeForce GTX 1080 Ti 
Memory: 1577MiB / 243821MiB (0%) 

=====================================================================
Starting job with ID 3849681...
Parsed Arguments:
job_id: unknown
model_name: medbert-512
quantization: None
batch_size: 16
lr: 0.0002
num_epochs: 12
gradient_accumulation_steps: 1
task_type: class
data: line
data_augmentation: original_approach
num_labels: 3
peft_config: None
attn_implementation: None
GPU 0: NVIDIA GeForce GTX 1080 Ti
   Total Memory: 10.91 GB
   Free Memory: 10.45 GB
   Allocated Memory : 0.00 GB
   Reserved Memory : 0.00 GB
Tokenizer pad token ID: 0
Tokenizer special tokens: {'unk_token': '[UNK]', 'sep_token': '[SEP]', 'pad_token': '[PAD]', 'cls_token': '[CLS]', 'mask_token': '[MASK]'}
Model pad token ID: 0
Loaded Model and Tokenizer
Loaded Data
Starting Training
{'eval_loss': 0.004812009632587433, 'eval_accuracy': 1.0, 'eval_f1': 1.0, 'eval_precision': 1.0, 'eval_recall': 1.0, 'eval_runtime': 0.0486, 'eval_samples_per_second': 61.703, 'eval_steps_per_second': 20.568, 'epoch': 1.0}
{'loss': 0.4619, 'learning_rate': 0.00017777777777777779, 'epoch': 1.25}
{'eval_loss': 0.0013359645381569862, 'eval_accuracy': 1.0, 'eval_f1': 1.0, 'eval_precision': 1.0, 'eval_recall': 1.0, 'eval_runtime': 0.0411, 'eval_samples_per_second': 72.929, 'eval_steps_per_second': 24.31, 'epoch': 2.0}
{'loss': 0.1401, 'learning_rate': 0.00015555555555555556, 'epoch': 2.5}
{'eval_loss': 0.003960936795920134, 'eval_accuracy': 1.0, 'eval_f1': 1.0, 'eval_precision': 1.0, 'eval_recall': 1.0, 'eval_runtime': 0.0393, 'eval_samples_per_second': 76.353, 'eval_steps_per_second': 25.451, 'epoch': 3.0}
{'loss': 0.088, 'learning_rate': 0.00013333333333333334, 'epoch': 3.75}
{'eval_loss': 0.0012889800127595663, 'eval_accuracy': 1.0, 'eval_f1': 1.0, 'eval_precision': 1.0, 'eval_recall': 1.0, 'eval_runtime': 0.0363, 'eval_samples_per_second': 82.685, 'eval_steps_per_second': 27.562, 'epoch': 4.0}
{'loss': 0.0012, 'learning_rate': 0.00011111111111111112, 'epoch': 5.0}
{'eval_loss': 0.0003066710487473756, 'eval_accuracy': 1.0, 'eval_f1': 1.0, 'eval_precision': 1.0, 'eval_recall': 1.0, 'eval_runtime': 0.0178, 'eval_samples_per_second': 168.692, 'eval_steps_per_second': 56.231, 'epoch': 5.0}
{'eval_loss': 0.00023083922860678285, 'eval_accuracy': 1.0, 'eval_f1': 1.0, 'eval_precision': 1.0, 'eval_recall': 1.0, 'eval_runtime': 0.0372, 'eval_samples_per_second': 80.663, 'eval_steps_per_second': 26.888, 'epoch': 6.0}
{'loss': 0.0003, 'learning_rate': 8.888888888888889e-05, 'epoch': 6.25}
{'eval_loss': 0.0002004482812481001, 'eval_accuracy': 1.0, 'eval_f1': 1.0, 'eval_precision': 1.0, 'eval_recall': 1.0, 'eval_runtime': 0.0361, 'eval_samples_per_second': 83.059, 'eval_steps_per_second': 27.686, 'epoch': 7.0}
{'loss': 0.0003, 'learning_rate': 6.666666666666667e-05, 'epoch': 7.5}
{'eval_loss': 0.0001834050053730607, 'eval_accuracy': 1.0, 'eval_f1': 1.0, 'eval_precision': 1.0, 'eval_recall': 1.0, 'eval_runtime': 0.0455, 'eval_samples_per_second': 65.962, 'eval_steps_per_second': 21.987, 'epoch': 8.0}
{'loss': 0.0002, 'learning_rate': 4.4444444444444447e-05, 'epoch': 8.75}
{'eval_loss': 0.00017283721535932273, 'eval_accuracy': 1.0, 'eval_f1': 1.0, 'eval_precision': 1.0, 'eval_recall': 1.0, 'eval_runtime': 0.037, 'eval_samples_per_second': 80.983, 'eval_steps_per_second': 26.994, 'epoch': 9.0}
{'loss': 0.0002, 'learning_rate': 2.2222222222222223e-05, 'epoch': 10.0}
{'eval_loss': 0.0001665997551754117, 'eval_accuracy': 1.0, 'eval_f1': 1.0, 'eval_precision': 1.0, 'eval_recall': 1.0, 'eval_runtime': 0.0181, 'eval_samples_per_second': 165.334, 'eval_steps_per_second': 55.111, 'epoch': 10.0}
{'eval_loss': 0.00016389816300943494, 'eval_accuracy': 1.0, 'eval_f1': 1.0, 'eval_precision': 1.0, 'eval_recall': 1.0, 'eval_runtime': 0.0367, 'eval_samples_per_second': 81.779, 'eval_steps_per_second': 27.26, 'epoch': 11.0}
{'loss': 0.0002, 'learning_rate': 0.0, 'epoch': 11.25}
{'eval_loss': 0.00016373924154322594, 'eval_accuracy': 1.0, 'eval_f1': 1.0, 'eval_precision': 1.0, 'eval_recall': 1.0, 'eval_runtime': 0.036, 'eval_samples_per_second': 83.405, 'eval_steps_per_second': 27.802, 'epoch': 12.0}
{'train_runtime': 78.3479, 'train_samples_per_second': 38.138, 'train_steps_per_second': 2.451, 'train_loss': 0.07214020106766839, 'epoch': 12.0}
Finished Training
Saving Model at: /cluster/dataset/midatams/inf-extr/resources/models/ms-diag_medbert-512_class_line_original_approach
Saving Tokenizer at: /cluster/dataset/midatams/inf-extr/resources/models/ms-diag_medbert-512_class_line_original_approach
Job finished
