=====================================================================
                   Welcome to Leonhard Med v.2.0.1                    

 * Documentation:  https://unlimited.ethz.ch/display/LEOMED2
 * Support:        leomed-support@id.ethz.ch
 * Software stack: type "enable_modules" to use Modules

Tenant name: BIOMED
OS: Ubuntu 20.04.6 LTS x86_64 
Uptime: 9 days, 4 hours, 24 mins 
CPU: Intel (Broadwell, IBRS) (18) @ 2.199GHz 
CPU Usage: 5% 
GPU: NVIDIA GeForce GTX 1080 Ti 
GPU: NVIDIA GeForce GTX 1080 Ti 
GPU: NVIDIA GeForce GTX 1080 Ti 
GPU: NVIDIA GeForce GTX 1080 Ti 
GPU: NVIDIA GeForce GTX 1080 Ti 
GPU: NVIDIA GeForce GTX 1080 Ti 
GPU: NVIDIA GeForce GTX 1080 Ti 
GPU: NVIDIA GeForce GTX 1080 Ti 
Memory: 1577MiB / 243821MiB (0%) 

=====================================================================
Starting job with ID 3849682...
Parsed Arguments:
job_id: unknown
model_name: medbert-512
quantization: None
batch_size: 16
lr: 0.0002
num_epochs: 12
gradient_accumulation_steps: 1
task_type: class
data: line
data_augmentation: oversample
num_labels: 4
peft_config: None
attn_implementation: None
GPU 0: NVIDIA GeForce GTX 1080 Ti
   Total Memory: 10.91 GB
   Free Memory: 10.45 GB
   Allocated Memory : 0.00 GB
   Reserved Memory : 0.00 GB
Tokenizer pad token ID: 0
Tokenizer special tokens: {'unk_token': '[UNK]', 'sep_token': '[SEP]', 'pad_token': '[PAD]', 'cls_token': '[CLS]', 'mask_token': '[MASK]'}
Model pad token ID: 0
Loaded Model and Tokenizer
Loaded Data
Starting Training
{'loss': 0.7263, 'learning_rate': 0.0001866666666666667, 'epoch': 0.8}
{'eval_loss': 0.052066121250391006, 'eval_accuracy': 1.0, 'eval_f1': 1.0, 'eval_precision': 1.0, 'eval_recall': 1.0, 'eval_runtime': 0.0371, 'eval_samples_per_second': 107.876, 'eval_steps_per_second': 26.969, 'epoch': 1.0}
{'loss': 0.1327, 'learning_rate': 0.00017333333333333334, 'epoch': 1.6}
{'eval_loss': 0.0028613917529582977, 'eval_accuracy': 1.0, 'eval_f1': 1.0, 'eval_precision': 1.0, 'eval_recall': 1.0, 'eval_runtime': 0.0393, 'eval_samples_per_second': 101.91, 'eval_steps_per_second': 25.478, 'epoch': 2.0}
{'loss': 0.0681, 'learning_rate': 0.00016, 'epoch': 2.4}
{'eval_loss': 0.003586831036955118, 'eval_accuracy': 1.0, 'eval_f1': 1.0, 'eval_precision': 1.0, 'eval_recall': 1.0, 'eval_runtime': 0.0369, 'eval_samples_per_second': 108.281, 'eval_steps_per_second': 27.07, 'epoch': 3.0}
{'loss': 0.0868, 'learning_rate': 0.00014666666666666666, 'epoch': 3.2}
{'loss': 0.0709, 'learning_rate': 0.00013333333333333334, 'epoch': 4.0}
{'eval_loss': 0.0019197080982849002, 'eval_accuracy': 1.0, 'eval_f1': 1.0, 'eval_precision': 1.0, 'eval_recall': 1.0, 'eval_runtime': 0.018, 'eval_samples_per_second': 222.622, 'eval_steps_per_second': 55.655, 'epoch': 4.0}
{'loss': 0.0948, 'learning_rate': 0.00012, 'epoch': 4.8}
{'eval_loss': 0.0019104512175545096, 'eval_accuracy': 1.0, 'eval_f1': 1.0, 'eval_precision': 1.0, 'eval_recall': 1.0, 'eval_runtime': 0.0366, 'eval_samples_per_second': 109.269, 'eval_steps_per_second': 27.317, 'epoch': 5.0}
{'loss': 0.0574, 'learning_rate': 0.00010666666666666667, 'epoch': 5.6}
{'eval_loss': 0.0017564878799021244, 'eval_accuracy': 1.0, 'eval_f1': 1.0, 'eval_precision': 1.0, 'eval_recall': 1.0, 'eval_runtime': 0.0367, 'eval_samples_per_second': 109.099, 'eval_steps_per_second': 27.275, 'epoch': 6.0}
{'loss': 0.0023, 'learning_rate': 9.333333333333334e-05, 'epoch': 6.4}
{'eval_loss': 0.0015597727615386248, 'eval_accuracy': 1.0, 'eval_f1': 1.0, 'eval_precision': 1.0, 'eval_recall': 1.0, 'eval_runtime': 0.0372, 'eval_samples_per_second': 107.421, 'eval_steps_per_second': 26.855, 'epoch': 7.0}
{'loss': 0.0311, 'learning_rate': 8e-05, 'epoch': 7.2}
{'loss': 0.0193, 'learning_rate': 6.666666666666667e-05, 'epoch': 8.0}
{'eval_loss': 0.001440459513105452, 'eval_accuracy': 1.0, 'eval_f1': 1.0, 'eval_precision': 1.0, 'eval_recall': 1.0, 'eval_runtime': 0.0196, 'eval_samples_per_second': 203.748, 'eval_steps_per_second': 50.937, 'epoch': 8.0}
{'loss': 0.0198, 'learning_rate': 5.333333333333333e-05, 'epoch': 8.8}
{'eval_loss': 0.0020353146828711033, 'eval_accuracy': 1.0, 'eval_f1': 1.0, 'eval_precision': 1.0, 'eval_recall': 1.0, 'eval_runtime': 0.0475, 'eval_samples_per_second': 84.205, 'eval_steps_per_second': 21.051, 'epoch': 9.0}
{'loss': 0.002, 'learning_rate': 4e-05, 'epoch': 9.6}
{'eval_loss': 0.0013436576118692756, 'eval_accuracy': 1.0, 'eval_f1': 1.0, 'eval_precision': 1.0, 'eval_recall': 1.0, 'eval_runtime': 0.0366, 'eval_samples_per_second': 109.328, 'eval_steps_per_second': 27.332, 'epoch': 10.0}
{'loss': 0.0185, 'learning_rate': 2.6666666666666667e-05, 'epoch': 10.4}
{'eval_loss': 0.0015370275359600782, 'eval_accuracy': 1.0, 'eval_f1': 1.0, 'eval_precision': 1.0, 'eval_recall': 1.0, 'eval_runtime': 0.0366, 'eval_samples_per_second': 109.224, 'eval_steps_per_second': 27.306, 'epoch': 11.0}
{'loss': 0.0335, 'learning_rate': 1.3333333333333333e-05, 'epoch': 11.2}
{'loss': 0.002, 'learning_rate': 0.0, 'epoch': 12.0}
{'eval_loss': 0.0018722100649029016, 'eval_accuracy': 1.0, 'eval_f1': 1.0, 'eval_precision': 1.0, 'eval_recall': 1.0, 'eval_runtime': 0.0167, 'eval_samples_per_second': 240.11, 'eval_steps_per_second': 60.028, 'epoch': 12.0}
{'train_runtime': 80.5189, 'train_samples_per_second': 59.613, 'train_steps_per_second': 3.726, 'train_loss': 0.09102893943587939, 'epoch': 12.0}
Finished Training
Saving Model at: /cluster/dataset/midatams/inf-extr/resources/models/ms-diag_medbert-512_class_line_oversample
Saving Tokenizer at: /cluster/dataset/midatams/inf-extr/resources/models/ms-diag_medbert-512_class_line_oversample
Job finished
