=====================================================================
                   Welcome to Leonhard Med v.2.0.1                    

 * Documentation:  https://unlimited.ethz.ch/display/LEOMED2
 * Support:        leomed-support@id.ethz.ch
 * Software stack: type "enable_modules" to use Modules

Tenant name: BIOMED
OS: Ubuntu 20.04.6 LTS x86_64 
Uptime: 5 days, 2 hours, 7 mins 
CPU: Intel Xeon (Cascadelake) (34) @ 2.599GHz 
CPU Usage: 69% 
GPU: NVIDIA GeForce RTX 2080 Ti 
GPU: NVIDIA GeForce RTX 2080 Ti 
GPU: NVIDIA GeForce RTX 2080 Ti 
GPU: NVIDIA GeForce RTX 2080 Ti 
GPU: NVIDIA GeForce RTX 2080 Ti 
GPU: NVIDIA GeForce RTX 2080 Ti 
GPU: NVIDIA GeForce RTX 2080 Ti 
GPU: NVIDIA GeForce RTX 2080 Ti 
Memory: 116045MiB / 365879MiB (31%) 

=====================================================================
Starting job with ID 3809086...
Parsed Arguments:
job_id: unknown
model_name: line-label_medbert-512_token_finetuned
peft_model_name: None
quantization: None
batch_size: 8
split: test
task_type: token
GPU 0: NVIDIA GeForce RTX 2080 Ti
   Total Memory: 10.75 GB
   Free Memory: 10.20 GB
   Allocated Memory : 0.00 GB
   Reserved Memory : 0.00 GB
Tokenizer pad token ID: 0
Tokenizer special tokens: {'unk_token': '[UNK]', 'sep_token': '[SEP]', 'pad_token': '[PAD]', 'cls_token': '[CLS]', 'mask_token': '[MASK]', 'additional_special_tokens': ['[BRK]']}
Model pad token ID: 0
Loaded Model and Tokenizer
Predictions shape: (15, 512)
Saving Inference Results at: /cluster/dataset/midatams/inf-extr/results/line-label/line-label_medbert-512_token_finetuned_test.pt
Job finished
